<?xml version="1.0" encoding="UTF-8"?>
<testsuite xmlns:xsi="http://www.w3.org/2001/XMLSchema-instance" xsi:noNamespaceSchemaLocation="https://maven.apache.org/surefire/maven-surefire-plugin/xsd/surefire-test-report-3.0.xsd" version="3.0" name="com.project.platform.HmsApplicationTests" time="3.806" tests="1" errors="0" skipped="0" failures="0">
  <properties>
[...]
</properties>
  <testcase name="test" classname="com.project.platform.HmsApplicationTests" time="1.139">
    <system-out><![CDATA[10:34:14.651 [main] INFO org.springframework.test.context.support.AnnotationConfigContextLoaderUtils -- Could not detect default configuration classes for test class [com.project.platform.HmsApplicationTests]: HmsApplicationTests does not declare any static, non-private, non-final, nested classes annotated with @Configuration.
10:34:14.733 [main] INFO org.springframework.boot.test.context.SpringBootTestContextBootstrapper -- Found @SpringBootConfiguration com.project.platform.ProjectManagement for test class com.project.platform.HmsApplicationTests

  .   ____          _            __ _ _
 /\\ / ___'_ __ _ _(_)_ __  __ _ \ \ \ \
( ( )\___ | '_ | '_| | '_ \/ _` | \ \ \ \
 \\/  ___)| |_)| | | | | || (_| |  ) ) ) )
  '  |____| .__|_| |_|_| |_\__, | / / / /
 =========|_|==============|___/=/_/_/_/
 :: Spring Boot ::               (v3.2.10)

2025-07-02T10:34:15.078+08:00  INFO 27724 --- [           main] c.project.platform.HmsApplicationTests   : Starting HmsApplicationTests using Java 17.0.9 with PID 27724 (started by h in D:\自研\project\0\单独整理-0-启用\community-system)
2025-07-02T10:34:15.079+08:00  INFO 27724 --- [           main] c.project.platform.HmsApplicationTests   : No active profile set, falling back to 1 default profile: "default"
Logging initialized using 'class org.apache.ibatis.logging.stdout.StdOutImpl' adapter.
2025-07-02T10:34:17.182+08:00  INFO 27724 --- [           main] c.project.platform.HmsApplicationTests   : Started HmsApplicationTests in 2.338 seconds (process running for 3.101)
]]></system-out>
  </testcase>
</testsuite>